<?xml version="1.0" encoding="UTF-8"?>
<Site BuildName="(empty)"
	BuildStamp="20260424-1330-Experimental"
	Name="(empty)"
	Generator="ctest-3.21.3"
	CompilerName=""
	CompilerVersion=""
	OSName="macOS"
	Hostname="chutiandeMac-mini.local"
	OSRelease="15.6.1"
	OSVersion="24G90"
	OSPlatform="arm64"
	Is64Bits="1"
	VendorString="IBM"
	VendorID="IBM"
	FamilyID="16777228"
	ModelID="2"
	ProcessorCacheSize="131072"
	NumberOfLogicalCPU="10"
	NumberOfPhysicalCPU="10"
	TotalVirtualMemory="0"
	TotalPhysicalMemory="16384"
	LogicalProcessorsPerPhysical="10"
	ProcessorClockFrequency="0"
	>
	<Testing>
		<StartDateTime>Apr 24 21:30 CST</StartDateTime>
		<StartTestTime>1777037421</StartTestTime>
		<TestList/>
		<EndDateTime>Apr 24 21:30 CST</EndDateTime>
		<EndTestTime>1777037421</EndTestTime>
		<ElapsedMinutes>0</ElapsedMinutes>
	</Testing>
</Site>
